<?xml version="1.0" encoding="UTF-8"?>
<!-- Generated by org.testng.reporters.JUnitReportReporter -->
<testsuite hostname="LIN80018943" failures="0" tests="1" name="testCases.TC002_LoginTest" time="2.436" errors="0" timestamp="2024-07-29T16:08:18 IST" skipped="0">
  <testcase classname="testCases.TC002_LoginTest" name="verify_login" time="2.436"/>
</testsuite> <!-- testCases.TC002_LoginTest -->
